[0.558s] Invoking command in '/home/qibi_1/ros2_ws/src/package1': PYTHONPATH=/home/qibi_1/ros2_ws/build/package1/prefix_override:/usr/lib/python3/dist-packages/colcon_core/task/python/colcon_distutils_commands:/home/qibi_1/ros2_ws/install/package1/lib/python3.10/site-packages:${PYTHONPATH} /usr/bin/python3 -W ignore:setup.py install is deprecated -W ignore:easy_install command is deprecated setup.py egg_info --egg-base ../../build/package1 build --build-base /home/qibi_1/ros2_ws/build/package1/build install --record /home/qibi_1/ros2_ws/build/package1/install.log --single-version-externally-managed install_data
[0.774s] running egg_info
[0.775s] creating ../../build/package1/package1.egg-info
[0.775s] writing ../../build/package1/package1.egg-info/PKG-INFO
[0.775s] writing dependency_links to ../../build/package1/package1.egg-info/dependency_links.txt
[0.775s] writing entry points to ../../build/package1/package1.egg-info/entry_points.txt
[0.775s] writing requirements to ../../build/package1/package1.egg-info/requires.txt
[0.776s] writing top-level names to ../../build/package1/package1.egg-info/top_level.txt
[0.776s] writing manifest file '../../build/package1/package1.egg-info/SOURCES.txt'
[0.777s] reading manifest file '../../build/package1/package1.egg-info/SOURCES.txt'
[0.777s] adding license file 'LICENSE'
[0.778s] writing manifest file '../../build/package1/package1.egg-info/SOURCES.txt'
[0.778s] running build
[0.778s] running build_py
[0.778s] creating /home/qibi_1/ros2_ws/build/package1/build
[0.778s] creating /home/qibi_1/ros2_ws/build/package1/build/lib
[0.778s] creating /home/qibi_1/ros2_ws/build/package1/build/lib/package1
[0.778s] copying package1/__init__.py -> /home/qibi_1/ros2_ws/build/package1/build/lib/package1
[0.778s] copying package1/node1.py -> /home/qibi_1/ros2_ws/build/package1/build/lib/package1
[0.778s] running install
[0.779s] running install_lib
[0.779s] creating /home/qibi_1/ros2_ws/install/package1/lib/python3.10/site-packages/package1
[0.779s] copying /home/qibi_1/ros2_ws/build/package1/build/lib/package1/__init__.py -> /home/qibi_1/ros2_ws/install/package1/lib/python3.10/site-packages/package1
[0.780s] copying /home/qibi_1/ros2_ws/build/package1/build/lib/package1/node1.py -> /home/qibi_1/ros2_ws/install/package1/lib/python3.10/site-packages/package1
[0.780s] byte-compiling /home/qibi_1/ros2_ws/install/package1/lib/python3.10/site-packages/package1/__init__.py to __init__.cpython-310.pyc
[0.780s] byte-compiling /home/qibi_1/ros2_ws/install/package1/lib/python3.10/site-packages/package1/node1.py to node1.cpython-310.pyc
[0.780s] running install_data
[0.781s] creating /home/qibi_1/ros2_ws/install/package1/share/ament_index
[0.781s] creating /home/qibi_1/ros2_ws/install/package1/share/ament_index/resource_index
[0.781s] creating /home/qibi_1/ros2_ws/install/package1/share/ament_index/resource_index/packages
[0.781s] copying resource/package1 -> /home/qibi_1/ros2_ws/install/package1/share/ament_index/resource_index/packages
[0.781s] copying package.xml -> /home/qibi_1/ros2_ws/install/package1/share/package1
[0.781s] running install_egg_info
[0.782s] Copying ../../build/package1/package1.egg-info to /home/qibi_1/ros2_ws/install/package1/lib/python3.10/site-packages/package1-0.0.0-py3.10.egg-info
[0.783s] running install_scripts
[0.802s] Installing node1 script to /home/qibi_1/ros2_ws/install/package1/lib/package1
[0.802s] writing list of installed files to '/home/qibi_1/ros2_ws/build/package1/install.log'
[0.826s] Invoked command in '/home/qibi_1/ros2_ws/src/package1' returned '0': PYTHONPATH=/home/qibi_1/ros2_ws/build/package1/prefix_override:/usr/lib/python3/dist-packages/colcon_core/task/python/colcon_distutils_commands:/home/qibi_1/ros2_ws/install/package1/lib/python3.10/site-packages:${PYTHONPATH} /usr/bin/python3 -W ignore:setup.py install is deprecated -W ignore:easy_install command is deprecated setup.py egg_info --egg-base ../../build/package1 build --build-base /home/qibi_1/ros2_ws/build/package1/build install --record /home/qibi_1/ros2_ws/build/package1/install.log --single-version-externally-managed install_data
